00:49:54.557 [main] INFO  testCases.TC001_AccountRegTest - *******Starting TC001_AccountRegTest**********
00:49:54.706 [main] INFO  testCases.TC001_AccountRegTest - Clicked on myaccount link
00:49:55.406 [main] INFO  testCases.TC001_AccountRegTest - clicked on register link
00:49:55.411 [main] INFO  testCases.TC001_AccountRegTest - providing customer details
00:49:59.018 [main] INFO  testCases.TC001_AccountRegTest - validating expected message....
00:49:59.066 [main] INFO  testCases.TC001_AccountRegTest - *****Finished TC001_AccountRegTest********
00:50:49.257 [main] INFO  testCases.TC001_AccountRegTest - *******Starting TC001_AccountRegTest**********
00:50:49.686 [main] ERROR testCases.TC001_AccountRegTest - Test failed...8
00:50:49.687 [main] DEBUG testCases.TC001_AccountRegTest - Debug logs...
00:52:34.613 [main] INFO  testCases.TC001_AccountRegTest - *******Starting TC001_AccountRegTest**********
00:52:34.741 [main] INFO  testCases.TC001_AccountRegTest - Clicked on myaccount link
00:52:35.110 [main] INFO  testCases.TC001_AccountRegTest - clicked on register link
00:52:35.112 [main] INFO  testCases.TC001_AccountRegTest - providing customer details
00:52:38.719 [main] INFO  testCases.TC001_AccountRegTest - validating expected message....
00:52:38.765 [main] INFO  testCases.TC001_AccountRegTest - *****Finished TC001_AccountRegTest********
22:03:41.412 [main] INFO  testCases.TC001_AccountRegTest - *******Starting TC001_AccountRegTest**********
22:03:41.931 [main] INFO  testCases.TC001_AccountRegTest - Clicked on myaccount link
22:03:42.324 [main] INFO  testCases.TC001_AccountRegTest - clicked on register link
22:03:42.327 [main] INFO  testCases.TC001_AccountRegTest - providing customer details
22:03:45.918 [main] INFO  testCases.TC001_AccountRegTest - validating expected message....
22:03:45.960 [main] INFO  testCases.TC001_AccountRegTest - *****Finished TC001_AccountRegTest********
22:08:34.054 [main] INFO  testCases.TC001_AccountRegTest - *******Starting TC001_AccountRegTest**********
22:08:34.631 [main] INFO  testCases.TC001_AccountRegTest - Clicked on myaccount link
22:08:35.159 [main] INFO  testCases.TC001_AccountRegTest - clicked on register link
22:08:35.176 [main] INFO  testCases.TC001_AccountRegTest - providing customer details
22:08:38.601 [main] INFO  testCases.TC001_AccountRegTest - validating expected message....
22:08:38.648 [main] INFO  testCases.TC001_AccountRegTest - *****Finished TC001_AccountRegTest********
22:08:45.240 [main] INFO  testCases.TC001_AccountRegTest - *******Starting TC001_AccountRegTest**********
22:08:45.386 [main] INFO  testCases.TC001_AccountRegTest - Clicked on myaccount link
22:08:45.753 [main] INFO  testCases.TC001_AccountRegTest - clicked on register link
22:08:45.754 [main] INFO  testCases.TC001_AccountRegTest - providing customer details
22:08:49.279 [main] INFO  testCases.TC001_AccountRegTest - validating expected message....
22:08:49.366 [main] INFO  testCases.TC001_AccountRegTest - *****Finished TC001_AccountRegTest********
22:09:23.743 [main] INFO  testCases.TC001_AccountRegTest - *******Starting TC001_AccountRegTest**********
22:09:23.801 [main] ERROR testCases.TC001_AccountRegTest - Test failed...8
22:09:23.801 [main] DEBUG testCases.TC001_AccountRegTest - Debug logs...
22:09:50.784 [TestNG-tests-2] INFO  testCases.TC001_AccountRegTest - *******Starting TC001_AccountRegTest**********
22:09:52.043 [TestNG-tests-2] INFO  testCases.TC001_AccountRegTest - Clicked on myaccount link
22:09:52.426 [TestNG-tests-1] INFO  testCases.TC001_AccountRegTest - *******Starting TC001_AccountRegTest**********
22:09:52.883 [TestNG-tests-2] INFO  testCases.TC001_AccountRegTest - clicked on register link
22:09:52.903 [TestNG-tests-2] INFO  testCases.TC001_AccountRegTest - providing customer details
22:09:52.939 [TestNG-tests-1] INFO  testCases.TC001_AccountRegTest - Clicked on myaccount link
22:09:56.011 [TestNG-tests-1] INFO  testCases.TC001_AccountRegTest - clicked on register link
22:09:56.061 [TestNG-tests-1] INFO  testCases.TC001_AccountRegTest - providing customer details
22:10:00.369 [TestNG-tests-3] INFO  testCases.TC001_AccountRegTest - *******Starting TC001_AccountRegTest**********
22:10:00.496 [TestNG-tests-3] ERROR testCases.TC001_AccountRegTest - Test failed...8
22:10:00.496 [TestNG-tests-3] DEBUG testCases.TC001_AccountRegTest - Debug logs...
22:10:01.712 [TestNG-tests-1] INFO  testCases.TC001_AccountRegTest - validating expected message....
22:10:01.771 [TestNG-tests-1] INFO  testCases.TC001_AccountRegTest - *****Finished TC001_AccountRegTest********
22:10:02.312 [TestNG-tests-2] INFO  testCases.TC001_AccountRegTest - validating expected message....
22:10:02.521 [TestNG-tests-2] INFO  testCases.TC001_AccountRegTest - *****Finished TC001_AccountRegTest********
22:25:58.704 [main] INFO  testCases.TC001_AccountRegTest - *******Starting TC001_AccountRegTest**********
22:25:58.880 [main] INFO  testCases.TC001_AccountRegTest - Clicked on myaccount link
